[0.957s] DEBUG:colcon:Command line arguments: ['/usr/bin/colcon', 'build', '--symlink-install']
[0.957s] DEBUG:colcon:Parsed command line arguments: Namespace(log_base=None, log_level=None, verb_name='build', build_base='build', install_base='install', merge_install=False, symlink_install=True, test_result_base=None, continue_on_error=False, executor='parallel', parallel_workers=8, event_handlers=None, ignore_user_meta=False, metas=['./colcon.meta'], base_paths=['.'], packages_ignore=None, packages_ignore_regex=None, paths=None, packages_up_to=None, packages_up_to_regex=None, packages_above=None, packages_above_and_dependencies=None, packages_above_depth=None, packages_select_by_dep=None, packages_skip_by_dep=None, packages_skip_up_to=None, packages_select_build_failed=False, packages_skip_build_finished=False, packages_select_test_failures=False, packages_skip_test_passed=False, packages_select=None, packages_skip=None, packages_select_regex=None, packages_skip_regex=None, packages_start=None, packages_end=None, allow_overriding=[], cmake_args=None, cmake_target=None, cmake_target_skip_unavailable=False, cmake_clean_cache=False, cmake_clean_first=False, cmake_force_configure=False, ament_cmake_args=None, catkin_cmake_args=None, catkin_skip_building_tests=False, verb_parser=<colcon_defaults.argument_parser.defaults.DefaultArgumentsDecorator object at 0x7f0bfa882560>, verb_extension=<colcon_core.verb.build.BuildVerb object at 0x7f0bfacb30a0>, main=<bound method BuildVerb.main of <colcon_core.verb.build.BuildVerb object at 0x7f0bfacb30a0>>)
[1.001s] Level 1:colcon.colcon_core.package_discovery:discover_packages(colcon_meta) check parameters
[1.001s] Level 1:colcon.colcon_core.package_discovery:discover_packages(recursive) check parameters
[1.001s] Level 1:colcon.colcon_core.package_discovery:discover_packages(ignore) check parameters
[1.001s] Level 1:colcon.colcon_core.package_discovery:discover_packages(path) check parameters
[1.001s] Level 1:colcon.colcon_core.package_discovery:discover_packages(colcon_meta) discover
[1.001s] Level 1:colcon.colcon_core.package_discovery:discover_packages(recursive) discover
[1.001s] INFO:colcon.colcon_core.package_discovery:Crawling recursively for packages in '/home/pratik/ros2_ws/src/mobile_robot'
[1.001s] Level 1:colcon.colcon_core.package_identification:_identify(.) by extensions ['ignore', 'ignore_ament_install']
[1.001s] Level 1:colcon.colcon_core.package_identification:_identify(.) by extension 'ignore'
[1.001s] Level 1:colcon.colcon_core.package_identification:_identify(.) by extension 'ignore_ament_install'
[1.001s] Level 1:colcon.colcon_core.package_identification:_identify(.) by extensions ['colcon_pkg']
[1.001s] Level 1:colcon.colcon_core.package_identification:_identify(.) by extension 'colcon_pkg'
[1.001s] Level 1:colcon.colcon_core.package_identification:_identify(.) by extensions ['colcon_meta']
[1.001s] Level 1:colcon.colcon_core.package_identification:_identify(.) by extension 'colcon_meta'
[1.001s] Level 1:colcon.colcon_core.package_identification:_identify(.) by extensions ['ros']
[1.001s] Level 1:colcon.colcon_core.package_identification:_identify(.) by extension 'ros'
[1.020s] DEBUG:colcon.colcon_core.package_identification:Package '.' with type 'ros.ament_cmake' and name 'mobile_robot'
[1.020s] Level 1:colcon.colcon_core.package_discovery:discover_packages(recursive) using defaults
[1.020s] Level 1:colcon.colcon_core.package_discovery:discover_packages(ignore) discover
[1.020s] Level 1:colcon.colcon_core.package_discovery:discover_packages(ignore) using defaults
[1.020s] Level 1:colcon.colcon_core.package_discovery:discover_packages(path) discover
[1.020s] Level 1:colcon.colcon_core.package_discovery:discover_packages(path) using defaults
[1.105s] Level 1:colcon.colcon_core.package_discovery:discover_packages(prefix_path) check parameters
[1.105s] Level 1:colcon.colcon_core.package_discovery:discover_packages(prefix_path) discover
[1.134s] DEBUG:colcon.colcon_installed_package_information.package_discovery:Found 273 installed packages in /opt/ros/humble
[1.135s] Level 1:colcon.colcon_core.package_discovery:discover_packages(prefix_path) using defaults
[1.221s] Level 5:colcon.colcon_core.verb:set package 'mobile_robot' build argument 'cmake_args' from command line to 'None'
[1.221s] Level 5:colcon.colcon_core.verb:set package 'mobile_robot' build argument 'cmake_target' from command line to 'None'
[1.221s] Level 5:colcon.colcon_core.verb:set package 'mobile_robot' build argument 'cmake_target_skip_unavailable' from command line to 'False'
[1.221s] Level 5:colcon.colcon_core.verb:set package 'mobile_robot' build argument 'cmake_clean_cache' from command line to 'False'
[1.221s] Level 5:colcon.colcon_core.verb:set package 'mobile_robot' build argument 'cmake_clean_first' from command line to 'False'
[1.221s] Level 5:colcon.colcon_core.verb:set package 'mobile_robot' build argument 'cmake_force_configure' from command line to 'False'
[1.221s] Level 5:colcon.colcon_core.verb:set package 'mobile_robot' build argument 'ament_cmake_args' from command line to 'None'
[1.221s] Level 5:colcon.colcon_core.verb:set package 'mobile_robot' build argument 'catkin_cmake_args' from command line to 'None'
[1.221s] Level 5:colcon.colcon_core.verb:set package 'mobile_robot' build argument 'catkin_skip_building_tests' from command line to 'False'
[1.221s] DEBUG:colcon.colcon_core.verb:Building package 'mobile_robot' with the following arguments: {'ament_cmake_args': None, 'build_base': '/home/pratik/ros2_ws/src/mobile_robot/build/mobile_robot', 'catkin_cmake_args': None, 'catkin_skip_building_tests': False, 'cmake_args': None, 'cmake_clean_cache': False, 'cmake_clean_first': False, 'cmake_force_configure': False, 'cmake_target': None, 'cmake_target_skip_unavailable': False, 'install_base': '/home/pratik/ros2_ws/src/mobile_robot/install/mobile_robot', 'merge_install': False, 'path': '/home/pratik/ros2_ws/src/mobile_robot', 'symlink_install': True, 'test_result_base': None}
[1.235s] INFO:colcon.colcon_core.executor:Executing jobs using 'parallel' executor
[1.248s] DEBUG:colcon.colcon_parallel_executor.executor.parallel:run_until_complete
[1.248s] INFO:colcon.colcon_ros.task.ament_cmake.build:Building ROS package in '/home/pratik/ros2_ws/src/mobile_robot' with build type 'ament_cmake'
[1.249s] INFO:colcon.colcon_cmake.task.cmake.build:Building CMake package in '/home/pratik/ros2_ws/src/mobile_robot'
[1.265s] INFO:colcon.colcon_core.plugin_system:Skipping extension 'colcon_core.shell.bat': Not used on non-Windows systems
[1.266s] INFO:colcon.colcon_core.shell:Skip shell extension 'powershell' for command environment: Not usable outside of PowerShell
[1.266s] DEBUG:colcon.colcon_core.shell:Skip shell extension 'dsv' for command environment
[1.304s] DEBUG:colcon.colcon_core.event_handler.log_command:Invoking command in '/home/pratik/ros2_ws/src/mobile_robot/build/mobile_robot': CMAKE_PREFIX_PATH=/opt/ros/humble /usr/bin/cmake /home/pratik/ros2_ws/src/mobile_robot -DAMENT_CMAKE_SYMLINK_INSTALL=1 -DCMAKE_INSTALL_PREFIX=/home/pratik/ros2_ws/src/mobile_robot/install/mobile_robot
[1.965s] DEBUG:colcon.colcon_core.event_handler.log_command:Invoked command in '/home/pratik/ros2_ws/src/mobile_robot/build/mobile_robot' returned '0': CMAKE_PREFIX_PATH=/opt/ros/humble /usr/bin/cmake /home/pratik/ros2_ws/src/mobile_robot -DAMENT_CMAKE_SYMLINK_INSTALL=1 -DCMAKE_INSTALL_PREFIX=/home/pratik/ros2_ws/src/mobile_robot/install/mobile_robot
[1.967s] DEBUG:colcon.colcon_core.event_handler.log_command:Invoking command in '/home/pratik/ros2_ws/src/mobile_robot/build/mobile_robot': CMAKE_PREFIX_PATH=/opt/ros/humble /usr/bin/cmake --build /home/pratik/ros2_ws/src/mobile_robot/build/mobile_robot -- -j8 -l8
[1.998s] DEBUG:colcon.colcon_core.event_handler.log_command:Invoked command in '/home/pratik/ros2_ws/src/mobile_robot/build/mobile_robot' returned '0': CMAKE_PREFIX_PATH=/opt/ros/humble /usr/bin/cmake --build /home/pratik/ros2_ws/src/mobile_robot/build/mobile_robot -- -j8 -l8
[2.022s] DEBUG:colcon.colcon_core.event_handler.log_command:Invoking command in '/home/pratik/ros2_ws/src/mobile_robot/build/mobile_robot': CMAKE_PREFIX_PATH=/opt/ros/humble /usr/bin/cmake --install /home/pratik/ros2_ws/src/mobile_robot/build/mobile_robot
[2.151s] Level 1:colcon.colcon_core.environment:create_environment_scripts_only(mobile_robot)
[2.151s] DEBUG:colcon.colcon_core.event_handler.log_command:Invoked command in '/home/pratik/ros2_ws/src/mobile_robot/build/mobile_robot' returned '0': CMAKE_PREFIX_PATH=/opt/ros/humble /usr/bin/cmake --install /home/pratik/ros2_ws/src/mobile_robot/build/mobile_robot
[2.168s] Level 1:colcon.colcon_core.environment:checking '/home/pratik/ros2_ws/src/mobile_robot/install/mobile_robot' for CMake module files
[2.168s] Level 1:colcon.colcon_core.environment:checking '/home/pratik/ros2_ws/src/mobile_robot/install/mobile_robot' for CMake config files
[2.168s] Level 1:colcon.colcon_core.shell:create_environment_hook('mobile_robot', 'cmake_prefix_path')
[2.183s] INFO:colcon.colcon_core.shell:Creating environment hook '/home/pratik/ros2_ws/src/mobile_robot/install/mobile_robot/share/mobile_robot/hook/cmake_prefix_path.ps1'
[2.183s] INFO:colcon.colcon_core.shell:Creating environment descriptor '/home/pratik/ros2_ws/src/mobile_robot/install/mobile_robot/share/mobile_robot/hook/cmake_prefix_path.dsv'
[2.184s] INFO:colcon.colcon_core.shell:Creating environment hook '/home/pratik/ros2_ws/src/mobile_robot/install/mobile_robot/share/mobile_robot/hook/cmake_prefix_path.sh'
[2.184s] Level 1:colcon.colcon_core.environment:checking '/home/pratik/ros2_ws/src/mobile_robot/install/mobile_robot/bin'
[2.184s] Level 1:colcon.colcon_core.environment:checking '/home/pratik/ros2_ws/src/mobile_robot/install/mobile_robot/lib/pkgconfig/mobile_robot.pc'
[2.185s] Level 1:colcon.colcon_core.environment:checking '/home/pratik/ros2_ws/src/mobile_robot/install/mobile_robot/lib/python3.10/site-packages'
[2.185s] Level 1:colcon.colcon_core.environment:checking '/home/pratik/ros2_ws/src/mobile_robot/install/mobile_robot/bin'
[2.199s] INFO:colcon.colcon_core.shell:Creating package script '/home/pratik/ros2_ws/src/mobile_robot/install/mobile_robot/share/mobile_robot/package.ps1'
[2.199s] INFO:colcon.colcon_core.shell:Creating package descriptor '/home/pratik/ros2_ws/src/mobile_robot/install/mobile_robot/share/mobile_robot/package.dsv'
[2.200s] INFO:colcon.colcon_core.shell:Creating package script '/home/pratik/ros2_ws/src/mobile_robot/install/mobile_robot/share/mobile_robot/package.sh'
[2.200s] INFO:colcon.colcon_core.shell:Creating package script '/home/pratik/ros2_ws/src/mobile_robot/install/mobile_robot/share/mobile_robot/package.bash'
[2.201s] INFO:colcon.colcon_core.shell:Creating package script '/home/pratik/ros2_ws/src/mobile_robot/install/mobile_robot/share/mobile_robot/package.zsh'
[2.201s] Level 1:colcon.colcon_core.environment:create_file_with_runtime_dependencies(/home/pratik/ros2_ws/src/mobile_robot/install/mobile_robot/share/colcon-core/packages/mobile_robot)
[2.231s] Level 1:colcon.colcon_core.environment:create_environment_scripts_only(mobile_robot)
[2.245s] Level 1:colcon.colcon_core.environment:checking '/home/pratik/ros2_ws/src/mobile_robot/install/mobile_robot' for CMake module files
[2.246s] Level 1:colcon.colcon_core.environment:checking '/home/pratik/ros2_ws/src/mobile_robot/install/mobile_robot' for CMake config files
[2.246s] Level 1:colcon.colcon_core.shell:create_environment_hook('mobile_robot', 'cmake_prefix_path')
[2.259s] INFO:colcon.colcon_core.shell:Creating environment hook '/home/pratik/ros2_ws/src/mobile_robot/install/mobile_robot/share/mobile_robot/hook/cmake_prefix_path.ps1'
[2.260s] INFO:colcon.colcon_core.shell:Creating environment descriptor '/home/pratik/ros2_ws/src/mobile_robot/install/mobile_robot/share/mobile_robot/hook/cmake_prefix_path.dsv'
[2.260s] INFO:colcon.colcon_core.shell:Creating environment hook '/home/pratik/ros2_ws/src/mobile_robot/install/mobile_robot/share/mobile_robot/hook/cmake_prefix_path.sh'
[2.261s] Level 1:colcon.colcon_core.environment:checking '/home/pratik/ros2_ws/src/mobile_robot/install/mobile_robot/bin'
[2.261s] Level 1:colcon.colcon_core.environment:checking '/home/pratik/ros2_ws/src/mobile_robot/install/mobile_robot/lib/pkgconfig/mobile_robot.pc'
[2.261s] Level 1:colcon.colcon_core.environment:checking '/home/pratik/ros2_ws/src/mobile_robot/install/mobile_robot/lib/python3.10/site-packages'
[2.261s] Level 1:colcon.colcon_core.environment:checking '/home/pratik/ros2_ws/src/mobile_robot/install/mobile_robot/bin'
[2.275s] INFO:colcon.colcon_core.shell:Creating package script '/home/pratik/ros2_ws/src/mobile_robot/install/mobile_robot/share/mobile_robot/package.ps1'
[2.275s] INFO:colcon.colcon_core.shell:Creating package descriptor '/home/pratik/ros2_ws/src/mobile_robot/install/mobile_robot/share/mobile_robot/package.dsv'
[2.275s] INFO:colcon.colcon_core.shell:Creating package script '/home/pratik/ros2_ws/src/mobile_robot/install/mobile_robot/share/mobile_robot/package.sh'
[2.276s] INFO:colcon.colcon_core.shell:Creating package script '/home/pratik/ros2_ws/src/mobile_robot/install/mobile_robot/share/mobile_robot/package.bash'
[2.276s] INFO:colcon.colcon_core.shell:Creating package script '/home/pratik/ros2_ws/src/mobile_robot/install/mobile_robot/share/mobile_robot/package.zsh'
[2.276s] Level 1:colcon.colcon_core.environment:create_file_with_runtime_dependencies(/home/pratik/ros2_ws/src/mobile_robot/install/mobile_robot/share/colcon-core/packages/mobile_robot)
[2.277s] DEBUG:colcon.colcon_parallel_executor.executor.parallel:closing loop
[2.277s] DEBUG:colcon.colcon_parallel_executor.executor.parallel:loop closed
[2.277s] DEBUG:colcon.colcon_parallel_executor.executor.parallel:run_until_complete finished with '0'
[2.277s] DEBUG:colcon.colcon_core.event_reactor:joining thread
[2.295s] INFO:colcon.colcon_core.plugin_system:Skipping extension 'colcon_notification.desktop_notification.terminal_notifier': Not used on non-Darwin systems
[2.295s] INFO:colcon.colcon_core.plugin_system:Skipping extension 'colcon_notification.desktop_notification.win32': Not used on non-Windows systems
[2.295s] INFO:colcon.colcon_notification.desktop_notification:Sending desktop notification using 'notify2'
[2.307s] DEBUG:colcon.colcon_core.event_reactor:joined thread
[2.321s] INFO:colcon.colcon_core.shell:Creating prefix script '/home/pratik/ros2_ws/src/mobile_robot/install/local_setup.ps1'
[2.322s] INFO:colcon.colcon_core.shell:Creating prefix util module '/home/pratik/ros2_ws/src/mobile_robot/install/_local_setup_util_ps1.py'
[2.323s] INFO:colcon.colcon_core.shell:Creating prefix chain script '/home/pratik/ros2_ws/src/mobile_robot/install/setup.ps1'
[2.339s] INFO:colcon.colcon_core.shell:Creating prefix script '/home/pratik/ros2_ws/src/mobile_robot/install/local_setup.sh'
[2.339s] INFO:colcon.colcon_core.shell:Creating prefix util module '/home/pratik/ros2_ws/src/mobile_robot/install/_local_setup_util_sh.py'
[2.340s] INFO:colcon.colcon_core.shell:Creating prefix chain script '/home/pratik/ros2_ws/src/mobile_robot/install/setup.sh'
[2.355s] INFO:colcon.colcon_core.shell:Creating prefix script '/home/pratik/ros2_ws/src/mobile_robot/install/local_setup.bash'
[2.355s] INFO:colcon.colcon_core.shell:Creating prefix chain script '/home/pratik/ros2_ws/src/mobile_robot/install/setup.bash'
[2.369s] INFO:colcon.colcon_core.shell:Creating prefix script '/home/pratik/ros2_ws/src/mobile_robot/install/local_setup.zsh'
[2.369s] INFO:colcon.colcon_core.shell:Creating prefix chain script '/home/pratik/ros2_ws/src/mobile_robot/install/setup.zsh'
