-- The C compiler identification is GNU 11.4.0
-- The CXX compiler identification is GNU 11.4.0
-- Detecting C compiler ABI info
-- Detecting C compiler ABI info - done
-- Check for working C compiler: /usr/bin/cc - skipped
-- Detecting C compile features
-- Detecting C compile features - done
-- Detecting CXX compiler ABI info
-- Detecting CXX compiler ABI info - done
-- Check for working CXX compiler: /usr/bin/c++ - skipped
-- Detecting CXX compile features
-- Detecting CXX compile features - done
-- Found ament_cmake: 1.3.5 (/opt/ros/humble/share/ament_cmake/cmake)
-- Found Python3: /usr/bin/python3.10 (found version "3.10.12") found components: Interpreter 
-- Override CMake install command with custom implementation using symlinks instead of copying resources
-- Found ament_lint_auto: 0.12.8 (/opt/ros/humble/share/ament_lint_auto/cmake)
-- Added test 'cppcheck' to perform static code analysis on C / C++ code
-- Configured cppcheck include dirs: 
-- Configured cppcheck exclude dirs and/or files: 
-- Added test 'lint_cmake' to check CMake code style
-- Added test 'uncrustify' to check C / C++ code style
-- Configured uncrustify additional arguments: 
-- Added test 'xmllint' to check XML markup files
-- Configuring done
-- Generating done
-- Build files have been written to: /home/pratik/ros2_ws/src/mobile_robot/build/mobile_robot
-- Install configuration: ""
-- Execute custom install script
-- Symlinking: /home/pratik/ros2_ws/src/mobile_robot/install/mobile_robot/share/ament_index/resource_index/package_run_dependencies/mobile_robot
-- Symlinking: /home/pratik/ros2_ws/src/mobile_robot/install/mobile_robot/share/ament_index/resource_index/parent_prefix_path/mobile_robot
-- Symlinking: /home/pratik/ros2_ws/src/mobile_robot/install/mobile_robot/share/mobile_robot/environment/ament_prefix_path.sh
-- Symlinking: /home/pratik/ros2_ws/src/mobile_robot/install/mobile_robot/share/mobile_robot/environment/ament_prefix_path.dsv
-- Symlinking: /home/pratik/ros2_ws/src/mobile_robot/install/mobile_robot/share/mobile_robot/environment/path.sh
-- Symlinking: /home/pratik/ros2_ws/src/mobile_robot/install/mobile_robot/share/mobile_robot/environment/path.dsv
-- Symlinking: /home/pratik/ros2_ws/src/mobile_robot/install/mobile_robot/share/mobile_robot/local_setup.bash
-- Symlinking: /home/pratik/ros2_ws/src/mobile_robot/install/mobile_robot/share/mobile_robot/local_setup.sh
-- Symlinking: /home/pratik/ros2_ws/src/mobile_robot/install/mobile_robot/share/mobile_robot/local_setup.zsh
-- Symlinking: /home/pratik/ros2_ws/src/mobile_robot/install/mobile_robot/share/mobile_robot/local_setup.dsv
-- Symlinking: /home/pratik/ros2_ws/src/mobile_robot/install/mobile_robot/share/mobile_robot/package.dsv
-- Symlinking: /home/pratik/ros2_ws/src/mobile_robot/install/mobile_robot/share/ament_index/resource_index/packages/mobile_robot
-- Symlinking: /home/pratik/ros2_ws/src/mobile_robot/install/mobile_robot/share/mobile_robot/cmake/mobile_robotConfig.cmake
-- Symlinking: /home/pratik/ros2_ws/src/mobile_robot/install/mobile_robot/share/mobile_robot/cmake/mobile_robotConfig-version.cmake
-- Symlinking: /home/pratik/ros2_ws/src/mobile_robot/install/mobile_robot/share/mobile_robot/package.xml
